<?xml version="1.0" encoding="UTF-8"?>
<!-- Generated by org.testng.reporters.JUnitXMLReporter -->
<testsuite ignored="9" hostname="DESKTOP-URT2H8E" failures="0" tests="1" name="Default test" time="3.361" errors="0" timestamp="2024-07-17T17:54:32 IST">
  <testcase classname="com.rest.TestRest" name="to_multiple_header" time="3.294"/>
  <testcase classname="com.rest.TestRest" name="to_Log_request_Response" time="0.0">
    <ignored/>
  </testcase> <!-- to_Log_request_Response -->
  <testcase classname="com.rest.TestRest" name="toExctract_Response" time="0.0">
    <ignored/>
  </testcase> <!-- toExctract_Response -->
  <testcase classname="com.rest.TestRest" name="to_blacklist_multiple_header" time="0.0">
    <ignored/>
  </testcase> <!-- to_blacklist_multiple_header -->
  <testcase classname="com.rest.TestRest" name="to_Exctract_Single_Value_Form_Response_method_1" time="0.0">
    <ignored/>
  </testcase> <!-- to_Exctract_Single_Value_Form_Response_method_1 -->
  <testcase classname="com.rest.TestRest" name="to_Log_if_error" time="0.0">
    <ignored/>
  </testcase> <!-- to_Log_if_error -->
  <testcase classname="com.rest.TestRest" name="to_Exctract_Single_Value_Form_Response_method_4" time="0.0">
    <ignored/>
  </testcase> <!-- to_Exctract_Single_Value_Form_Response_method_4 -->
  <testcase classname="com.rest.TestRest" name="toValidateResponseBody" time="0.0">
    <ignored/>
  </testcase> <!-- toValidateResponseBody -->
  <testcase classname="com.rest.TestRest" name="to_Exctract_Single_Value_Form_Response_method_3" time="0.0">
    <ignored/>
  </testcase> <!-- to_Exctract_Single_Value_Form_Response_method_3 -->
  <testcase classname="com.rest.TestRest" name="to_Exctract_Single_Value_Form_Response_method_2" time="0.0">
    <ignored/>
  </testcase> <!-- to_Exctract_Single_Value_Form_Response_method_2 -->
</testsuite> <!-- Default test -->
