<?xml version="1.0" encoding="UTF-8"?>
<testng-results ignored="9" total="10" passed="1" failed="0" skipped="0">
  <reporter-output>
  </reporter-output>
  <suite started-at="2024-07-17T17:54:28 IST" name="Default suite" finished-at="2024-07-17T17:54:32 IST" duration-ms="3361">
    <groups>
    </groups>
    <test started-at="2024-07-17T17:54:28 IST" name="Default test" finished-at="2024-07-17T17:54:32 IST" duration-ms="3361">
      <class name="com.rest.TestRest">
        <test-method signature="to_multiple_header()[pri:0, instance:com.rest.TestRest@4f209819]" started-at="2024-07-17T17:54:28 IST" name="to_multiple_header" finished-at="2024-07-17T17:54:32 IST" duration-ms="3294" status="PASS">
          <reporter-output>
          </reporter-output>
        </test-method> <!-- to_multiple_header -->
      </class> <!-- com.rest.TestRest -->
    </test> <!-- Default test -->
  </suite> <!-- Default suite -->
</testng-results>
